04:22:30.161 account Delete type=3 #1

04:22:30.258 tmp Delete type=3 #1

04:22:30.291 accountTrie Delete type=3 #1

04:22:30.321 balance-trace Delete type=3 #1

04:22:30.335 account-trace Delete type=3 #1

04:22:30.352 properties Delete type=3 #1

04:22:30.492 account-asset Delete type=3 #1

04:22:30.508 block Delete type=3 #1

04:22:30.522 witness Delete type=3 #1

04:22:30.532 asset-issue Delete type=3 #1

04:22:30.543 asset-issue-v2 Delete type=3 #1

04:22:30.553 block-index Delete type=3 #1

04:22:30.558 accountid-index Delete type=3 #1

04:22:30.565 account-index Delete type=3 #1

04:22:30.572 witness_schedule Delete type=3 #1

04:22:30.587 votes Delete type=3 #1

04:22:30.600 proposal Delete type=3 #1

04:22:30.607 exchange Delete type=3 #1

04:22:30.617 exchange-v2 Delete type=3 #1

04:22:30.645 market_account Delete type=3 #1

04:22:30.653 market_order Delete type=3 #1

04:22:30.662 market_pair_price_to_order Delete type=3 #1

04:22:30.668 market_pair_to_price Delete type=3 #1

04:22:30.678 abi Delete type=3 #1

04:22:30.684 code Delete type=3 #1

04:22:30.691 contract Delete type=3 #1

04:22:30.699 contract-state Delete type=3 #1

04:22:30.707 DelegatedResource Delete type=3 #1

04:22:30.715 DelegatedResourceAccountIndex Delete type=3 #1

04:22:30.725 storage-row Delete type=3 #1

04:22:30.733 nullifier Delete type=3 #1

04:22:30.741 zkProof Delete type=3 #1

04:22:30.751 IncrementalMerkleTree Delete type=3 #1

04:22:30.758 delegation Delete type=3 #1

04:22:30.767 block_KDB Delete type=3 #1

04:22:30.781 common Delete type=3 #1

04:22:30.792 trans Delete type=3 #1

04:22:30.803 transactionRetStore Delete type=3 #1

04:22:30.810 recent-block Delete type=3 #1

04:22:30.816 recent-transaction Delete type=3 #1

04:22:30.823 transactionHistoryStore Delete type=3 #1

04:22:30.831 common-database Delete type=3 #1

04:22:30.837 pbft-sign-data Delete type=3 #1

04:22:30.846 tree-block-index Delete type=3 #1

04:22:30.854 section-bloom Delete type=3 #1

04:22:30.888 trans-cache Delete type=3 #1

04:22:31.065 reward-vi Delete type=3 #1

04:22:31.300 asset-issue-v2 Delete type=3 #1

04:22:31.303 asset-issue-v2 Recovering log #3
04:22:31.305 asset-issue-v2 Delete type=0 #3

04:22:31.305 asset-issue-v2 Delete type=3 #2

04:22:31.311 exchange-v2 Delete type=3 #1

04:22:31.313 exchange-v2 Recovering log #3
04:22:31.314 exchange-v2 Delete type=0 #3

04:22:31.314 exchange-v2 Delete type=3 #2

